{
  "RSpec": {
    "coverage": {
      "/Users/PMAC173S/src/github.com/pyama86/popper/lib/popper.rb": [
        1,
        1,
        1,
        1,
        1,
        1,
        1,
        1,
        null,
        1,
        1,
        5,
        5,
        5,
        null,
        null,
        1,
        9,
        null,
        null
      ],
      "/Users/PMAC173S/src/github.com/pyama86/popper/lib/popper/cli.rb": [
        1,
        1,
        null,
        1,
        1,
        1,
        1,
        1,
        1,
        1,
        0,
        0,
        0,
        null,
        0,
        0,
        null,
        null,
        1,
        1,
        0,
        0,
        null,
        null,
        1,
        1,
        0,
        null,
        0,
        0,
        null,
        null,
        1,
        1,
        1,
        0,
        null,
        null,
        null
      ],
      "/Users/PMAC173S/src/github.com/pyama86/popper/lib/popper/pop.rb": [
        1,
        1,
        1,
        1,
        1,
        1,
        1,
        1,
        1,
        1,
        null,
        null,
        0,
        0,
        null,
        null,
        null,
        1,
        1,
        1,
        null,
        1,
        2,
        1,
        1,
        1,
        1,
        null,
        1,
        null,
        1,
        null,
        1,
        null,
        null,
        1,
        null,
        null,
        null,
        null,
        null,
        1,
        1,
        null,
        null,
        0,
        null,
        null,
        1,
        5,
        5,
        8,
        14,
        null,
        null,
        null,
        null,
        null,
        1,
        2,
        2,
        null,
        2,
        null,
        2,
        2,
        null,
        null,
        1,
        0,
        0,
        0,
        0,
        0,
        null,
        null,
        null,
        0,
        null,
        null,
        null,
        null,
        null,
        null,
        1,
        1,
        62,
        22,
        null,
        null,
        1,
        22,
        null,
        null
      ],
      "/Users/PMAC173S/src/github.com/pyama86/popper/lib/popper/config.rb": [
        1,
        1,
        1,
        1,
        1,
        1,
        1,
        9,
        null,
        9,
        9,
        9,
        null,
        27,
        9,
        9,
        9,
        null,
        null,
        null,
        null,
        null,
        1,
        1,
        185,
        185,
        null,
        185,
        185,
        390,
        390,
        390,
        null,
        null,
        null,
        null,
        1,
        54,
        null,
        null,
        null,
        null,
        null,
        1,
        2,
        11,
        11,
        null,
        0,
        null,
        null,
        null,
        2,
        22,
        22,
        null,
        0,
        null,
        null,
        null,
        2,
        11,
        11,
        11,
        11,
        null,
        null,
        null,
        null,
        null,
        null,
        1,
        9,
        9,
        null,
        null,
        1,
        20,
        null,
        null
      ],
      "/Users/PMAC173S/src/github.com/pyama86/popper/lib/popper/action.rb": [
        1,
        1,
        1,
        1,
        1,
        null
      ],
      "/Users/PMAC173S/src/github.com/pyama86/popper/lib/popper/init.rb": [
        1,
        1,
        1,
        0,
        0,
        0,
        null,
        0,
        0,
        0,
        null,
        null,
        null,
        1,
        0,
        null,
        null,
        null
      ],
      "/Users/PMAC173S/src/github.com/pyama86/popper/lib/popper/sync.rb": [
        1,
        1,
        1,
        1,
        1,
        1,
        1,
        null,
        0,
        null,
        null,
        null,
        null,
        1,
        1,
        null,
        null,
        null
      ],
      "/Users/PMAC173S/src/github.com/pyama86/popper/lib/popper/action/git.rb": [
        null,
        1,
        1,
        1,
        1,
        2,
        null,
        null,
        null,
        null,
        2,
        2,
        null,
        null,
        1,
        1,
        1,
        null,
        null,
        1,
        null,
        2,
        null,
        null,
        1,
        1,
        null,
        null
      ],
      "/Users/PMAC173S/src/github.com/pyama86/popper/lib/popper/action/base.rb": [
        1,
        1,
        1,
        1,
        1,
        null,
        1,
        3,
        3,
        3,
        3,
        3,
        3,
        null,
        0,
        0,
        null,
        null,
        3,
        null,
        null,
        1,
        2,
        2,
        null,
        null,
        1,
        17,
        17,
        null,
        null,
        1,
        3,
        null,
        null,
        1,
        3,
        null,
        null,
        1,
        3,
        null,
        null,
        1,
        22,
        null,
        null,
        1,
        null,
        null
      ],
      "/Users/PMAC173S/src/github.com/pyama86/popper/lib/popper/action/ghe.rb": [
        null,
        1,
        1,
        1,
        1,
        1,
        1,
        1,
        1,
        null,
        1,
        null,
        null,
        1,
        1,
        null,
        null,
        1,
        1,
        null,
        null
      ],
      "/Users/PMAC173S/src/github.com/pyama86/popper/lib/popper/action/slack.rb": [
        1,
        1,
        1,
        1,
        1,
        null,
        null,
        null,
        null,
        null,
        null,
        1,
        null,
        null,
        null,
        null,
        null,
        1,
        1,
        null,
        null,
        null,
        1,
        2,
        null,
        null,
        1,
        null,
        null,
        1,
        null,
        1,
        null,
        null,
        1,
        null,
        null
      ]
    },
    "timestamp": 1442194349
  }
}
